[2024-02-14 18:21:11.978] [INFO ] [main] com.yamidiary.yamiyami.YamiyamiApplication Starting YamiyamiApplication using Java 17.0.10 with PID 13824 (D:\IntelliJProj\yamiyami\target\classes started by khyme in D:\IntelliJProj\yamiyami)
[2024-02-14 18:21:11.983] [INFO ] [main] com.yamidiary.yamiyami.YamiyamiApplication No active profile set, falling back to 1 default profile: "default"
[2024-02-14 18:21:12.723] [INFO ] [main] org.springframework.data.repository.config.RepositoryConfigurationDelegate Bootstrapping Spring Data JPA repositories in DEFAULT mode.
[2024-02-14 18:21:12.737] [INFO ] [main] org.springframework.data.repository.config.RepositoryConfigurationDelegate Finished Spring Data repository scanning in 9 ms. Found 0 JPA repository interfaces.
[2024-02-14 18:21:13.157] [INFO ] [main] org.springframework.boot.web.embedded.tomcat.TomcatWebServer Tomcat initialized with port 8080 (http)
[2024-02-14 18:21:13.164] [INFO ] [main] org.apache.coyote.http11.Http11NioProtocol Initializing ProtocolHandler ["http-nio-8080"]
[2024-02-14 18:21:13.165] [INFO ] [main] org.apache.catalina.core.StandardService Starting service [Tomcat]
[2024-02-14 18:21:13.165] [INFO ] [main] org.apache.catalina.core.StandardEngine Starting Servlet engine: [Apache Tomcat/10.1.18]
[2024-02-14 18:21:13.227] [INFO ] [main] org.apache.catalina.core.ContainerBase.[Tomcat].[localhost].[/] Initializing Spring embedded WebApplicationContext
[2024-02-14 18:21:13.232] [INFO ] [main] org.springframework.boot.web.servlet.context.ServletWebServerApplicationContext Root WebApplicationContext: initialization completed in 1062 ms
[2024-02-14 18:21:13.364] [INFO ] [main] org.hibernate.jpa.internal.util.LogHelper HHH000204: Processing PersistenceUnitInfo [name: default]
[2024-02-14 18:21:13.425] [INFO ] [main] org.hibernate.Version HHH000412: Hibernate ORM core version 6.4.1.Final
[2024-02-14 18:21:13.460] [INFO ] [main] org.hibernate.cache.internal.RegionFactoryInitiator HHH000026: Second-level cache disabled
[2024-02-14 18:21:13.653] [INFO ] [main] org.springframework.orm.jpa.persistenceunit.SpringPersistenceUnitInfo No LoadTimeWeaver setup: ignoring JPA class transformer
[2024-02-14 18:21:13.673] [INFO ] [main] com.zaxxer.hikari.HikariDataSource HikariPool-1 - Starting...
[2024-02-14 18:21:13.749] [INFO ] [main] com.zaxxer.hikari.pool.HikariPool HikariPool-1 - Added connection org.mariadb.jdbc.Connection@1ff463bb
[2024-02-14 18:21:13.750] [INFO ] [main] com.zaxxer.hikari.HikariDataSource HikariPool-1 - Start completed.
[2024-02-14 18:21:14.491] [INFO ] [main] org.hibernate.engine.transaction.jta.platform.internal.JtaPlatformInitiator HHH000489: No JTA platform available (set 'hibernate.transaction.jta.platform' to enable JTA platform integration)
[2024-02-14 18:21:15.091] [INFO ] [main] org.springframework.orm.jpa.LocalContainerEntityManagerFactoryBean Initialized JPA EntityManagerFactory for persistence unit 'default'
[2024-02-14 18:21:15.173] [WARN ] [main] org.springframework.boot.autoconfigure.orm.jpa.JpaBaseConfiguration$JpaWebConfiguration spring.jpa.open-in-view is enabled by default. Therefore, database queries may be performed during view rendering. Explicitly configure spring.jpa.open-in-view to disable this warning
[2024-02-14 18:21:15.482] [WARN ] [main] org.springframework.boot.autoconfigure.security.servlet.UserDetailsServiceAutoConfiguration 

Using generated security password: fff3a7a2-eca7-4f36-bd04-aae500f2e6aa

This generated password is for development use only. Your security configuration must be updated before running your application in production.

[2024-02-14 18:21:15.567] [INFO ] [main] org.springframework.security.web.DefaultSecurityFilterChain Will secure any request with [org.springframework.security.web.session.DisableEncodeUrlFilter@30623109, org.springframework.security.web.context.request.async.WebAsyncManagerIntegrationFilter@138110f8, org.springframework.security.web.context.SecurityContextHolderFilter@10ab976b, org.springframework.security.web.header.HeaderWriterFilter@2e07dc23, org.springframework.web.filter.CorsFilter@4fe8ac61, org.springframework.security.web.csrf.CsrfFilter@33ef393a, org.springframework.security.web.authentication.logout.LogoutFilter@21dbd651, org.springframework.security.web.authentication.UsernamePasswordAuthenticationFilter@278df226, org.springframework.security.web.authentication.ui.DefaultLoginPageGeneratingFilter@41d6d6c4, org.springframework.security.web.authentication.ui.DefaultLogoutPageGeneratingFilter@665e18d5, org.springframework.security.web.authentication.www.BasicAuthenticationFilter@c6a1be2, org.springframework.security.web.savedrequest.RequestCacheAwareFilter@2b0d6bf2, org.springframework.security.web.servletapi.SecurityContextHolderAwareRequestFilter@a15e3c1, org.springframework.security.web.authentication.AnonymousAuthenticationFilter@4795876e, org.springframework.security.web.access.ExceptionTranslationFilter@1d397e87, org.springframework.security.web.access.intercept.AuthorizationFilter@6a5a99d9]
[2024-02-14 18:21:15.595] [INFO ] [main] org.apache.coyote.http11.Http11NioProtocol Starting ProtocolHandler ["http-nio-8080"]
[2024-02-14 18:21:15.612] [INFO ] [main] org.springframework.boot.web.embedded.tomcat.TomcatWebServer Tomcat started on port 8080 (http) with context path ''
[2024-02-14 18:21:15.621] [INFO ] [main] com.yamidiary.yamiyami.YamiyamiApplication Started YamiyamiApplication in 4.024 seconds (process running for 4.379)
[2024-02-14 18:25:55.502] [INFO ] [SpringApplicationShutdownHook] org.springframework.orm.jpa.LocalContainerEntityManagerFactoryBean Closing JPA EntityManagerFactory for persistence unit 'default'
[2024-02-14 18:25:55.504] [INFO ] [SpringApplicationShutdownHook] com.zaxxer.hikari.HikariDataSource HikariPool-1 - Shutdown initiated...
[2024-02-14 18:25:55.506] [INFO ] [SpringApplicationShutdownHook] com.zaxxer.hikari.HikariDataSource HikariPool-1 - Shutdown completed.
